<?xml version="1.0" encoding="UTF-8"?>
<!-- Generated by org.testng.reporters.JUnitReportReporter -->
<testsuite hostname="LAPTOP-B2IDFSM7" failures="0" tests="1" name="com.orangehrmlive.demo.testsuite.LoginTest" time="11.220" errors="0" timestamp="2023-12-12T22:03:37 GMT" skipped="0">
  <testcase classname="com.orangehrmlive.demo.testsuite.LoginTest" name="verifyUserShouldLoginSuccessFully" time="11.220"/>
</testsuite> <!-- com.orangehrmlive.demo.testsuite.LoginTest -->
